2015-01-07 21:13:54,801 [Worker-2] INFO  o.e.m.c.i.p.ProjectConfigurationManager - Collecting project info '/pom.xml' /Users/wrightm/Projects/tutorials/head-first-design-patterns/head-first-design-patterns/pom.xml
2015-01-07 21:13:56,193 [Worker-2] INFO  o.e.m.c.i.l.LifecycleMappingFactory - Using org.eclipse.m2e.jdt.JarLifecycleMapping lifecycle mapping for MavenProject: com.github.wrightm.tutorials:head-first-design-patterns:0.0.1-SNAPSHOT @ /Users/wrightm/Projects/tutorials/head-first-design-patterns/head-first-design-patterns/pom.xml.
2015-01-07 21:13:56,716 [Worker-2] INFO  o.e.m.j.i.AbstractJavaProjectConfigurator - Adding source folder /head-first-design-patterns/src/main/java
2015-01-07 21:13:56,766 [Worker-2] INFO  o.e.m.j.i.AbstractJavaProjectConfigurator - Adding source folder /head-first-design-patterns/src/test/java
2015-01-07 21:13:57,519 [Worker-5] INFO  o.e.m.c.i.l.LifecycleMappingFactory - Using org.eclipse.m2e.jdt.JarLifecycleMapping lifecycle mapping for MavenProject: com.github.wrightm.tutorials:head-first-design-patterns:0.0.1-SNAPSHOT @ /Users/wrightm/Projects/tutorials/head-first-design-patterns/head-first-design-patterns/pom.xml.
2015-01-07 21:14:01,030 [Worker-2] INFO  o.e.m.c.i.p.ProjectConfigurationManager - Imported and configured 1 project(s) in 6 sec
2015-01-07 21:14:02,130 [Worker-3] INFO  o.e.m.c.i.l.LifecycleMappingFactory - Using org.eclipse.m2e.jdt.JarLifecycleMapping lifecycle mapping for MavenProject: com.github.wrightm.tutorials:head-first-design-patterns:0.0.1-SNAPSHOT @ /Users/wrightm/Projects/tutorials/head-first-design-patterns/head-first-design-patterns/pom.xml.
2015-01-07 21:14:02,216 [Worker-3] INFO  o.e.m.c.i.embedder.EclipseLogger - Using 'UTF-8' encoding to copy filtered resources.
2015-01-07 21:14:02,217 [Worker-3] INFO  o.e.m.c.i.embedder.EclipseLogger - skip non existing resourceDirectory /Users/wrightm/Projects/tutorials/head-first-design-patterns/head-first-design-patterns/src/main/resources
2015-01-07 21:14:02,219 [Worker-3] INFO  o.e.m.c.i.embedder.EclipseLogger - Using 'UTF-8' encoding to copy filtered resources.
2015-01-07 21:14:02,220 [Worker-3] INFO  o.e.m.c.i.embedder.EclipseLogger - skip non existing resourceDirectory /Users/wrightm/Projects/tutorials/head-first-design-patterns/head-first-design-patterns/src/test/resources
2015-01-07 21:14:29,219 [Worker-5] INFO  o.e.m.c.i.embedder.EclipseLogger - Using 'UTF-8' encoding to copy filtered resources.
2015-01-07 21:14:29,219 [Worker-5] INFO  o.e.m.c.i.embedder.EclipseLogger - skip non existing resourceDirectory /Users/wrightm/Projects/tutorials/head-first-design-patterns/head-first-design-patterns/src/main/resources
2015-01-07 21:14:29,221 [Worker-5] INFO  o.e.m.c.i.embedder.EclipseLogger - Using 'UTF-8' encoding to copy filtered resources.
2015-01-07 21:14:29,222 [Worker-5] INFO  o.e.m.c.i.embedder.EclipseLogger - skip non existing resourceDirectory /Users/wrightm/Projects/tutorials/head-first-design-patterns/head-first-design-patterns/src/test/resources
2015-01-07 21:14:36,186 [Worker-5] INFO  o.e.m.c.i.embedder.EclipseLogger - Using 'UTF-8' encoding to copy filtered resources.
2015-01-07 21:14:36,186 [Worker-5] INFO  o.e.m.c.i.embedder.EclipseLogger - skip non existing resourceDirectory /Users/wrightm/Projects/tutorials/head-first-design-patterns/head-first-design-patterns/src/main/resources
2015-01-07 21:14:36,188 [Worker-5] INFO  o.e.m.c.i.embedder.EclipseLogger - Using 'UTF-8' encoding to copy filtered resources.
2015-01-07 21:14:36,188 [Worker-5] INFO  o.e.m.c.i.embedder.EclipseLogger - skip non existing resourceDirectory /Users/wrightm/Projects/tutorials/head-first-design-patterns/head-first-design-patterns/src/test/resources
2015-01-07 21:14:39,340 [Worker-2] INFO  o.e.m.c.i.embedder.EclipseLogger - Using 'UTF-8' encoding to copy filtered resources.
2015-01-07 21:14:39,340 [Worker-2] INFO  o.e.m.c.i.embedder.EclipseLogger - skip non existing resourceDirectory /Users/wrightm/Projects/tutorials/head-first-design-patterns/head-first-design-patterns/src/main/resources
2015-01-07 21:14:39,342 [Worker-2] INFO  o.e.m.c.i.embedder.EclipseLogger - Using 'UTF-8' encoding to copy filtered resources.
2015-01-07 21:14:39,342 [Worker-2] INFO  o.e.m.c.i.embedder.EclipseLogger - skip non existing resourceDirectory /Users/wrightm/Projects/tutorials/head-first-design-patterns/head-first-design-patterns/src/test/resources
2015-01-07 21:14:40,386 [Worker-3] INFO  o.e.m.c.i.embedder.EclipseLogger - Using 'UTF-8' encoding to copy filtered resources.
2015-01-07 21:14:40,386 [Worker-3] INFO  o.e.m.c.i.embedder.EclipseLogger - skip non existing resourceDirectory /Users/wrightm/Projects/tutorials/head-first-design-patterns/head-first-design-patterns/src/main/resources
2015-01-07 21:14:40,388 [Worker-3] INFO  o.e.m.c.i.embedder.EclipseLogger - Using 'UTF-8' encoding to copy filtered resources.
2015-01-07 21:14:40,388 [Worker-3] INFO  o.e.m.c.i.embedder.EclipseLogger - skip non existing resourceDirectory /Users/wrightm/Projects/tutorials/head-first-design-patterns/head-first-design-patterns/src/test/resources
2015-01-07 21:15:04,816 [Worker-1] INFO  o.e.m.c.i.embedder.EclipseLogger - Using 'UTF-8' encoding to copy filtered resources.
2015-01-07 21:15:04,817 [Worker-1] INFO  o.e.m.c.i.embedder.EclipseLogger - skip non existing resourceDirectory /Users/wrightm/Projects/tutorials/head-first-design-patterns/head-first-design-patterns/src/main/resources
2015-01-07 21:15:04,821 [Worker-1] INFO  o.e.m.c.i.embedder.EclipseLogger - Using 'UTF-8' encoding to copy filtered resources.
2015-01-07 21:15:04,821 [Worker-1] INFO  o.e.m.c.i.embedder.EclipseLogger - skip non existing resourceDirectory /Users/wrightm/Projects/tutorials/head-first-design-patterns/head-first-design-patterns/src/test/resources
2015-01-07 21:15:37,951 [Worker-4] INFO  o.e.m.c.i.embedder.EclipseLogger - Using 'UTF-8' encoding to copy filtered resources.
2015-01-07 21:15:37,951 [Worker-4] INFO  o.e.m.c.i.embedder.EclipseLogger - skip non existing resourceDirectory /Users/wrightm/Projects/tutorials/head-first-design-patterns/head-first-design-patterns/src/main/resources
2015-01-07 21:15:37,953 [Worker-4] INFO  o.e.m.c.i.embedder.EclipseLogger - Using 'UTF-8' encoding to copy filtered resources.
2015-01-07 21:15:37,953 [Worker-4] INFO  o.e.m.c.i.embedder.EclipseLogger - skip non existing resourceDirectory /Users/wrightm/Projects/tutorials/head-first-design-patterns/head-first-design-patterns/src/test/resources
2015-01-07 21:18:44,805 [Worker-2] INFO  o.e.m.c.i.embedder.EclipseLogger - Using 'UTF-8' encoding to copy filtered resources.
2015-01-07 21:18:44,805 [Worker-2] INFO  o.e.m.c.i.embedder.EclipseLogger - skip non existing resourceDirectory /Users/wrightm/Projects/tutorials/head-first-design-patterns/head-first-design-patterns/src/main/resources
2015-01-07 21:18:44,808 [Worker-2] INFO  o.e.m.c.i.embedder.EclipseLogger - Using 'UTF-8' encoding to copy filtered resources.
2015-01-07 21:18:44,809 [Worker-2] INFO  o.e.m.c.i.embedder.EclipseLogger - skip non existing resourceDirectory /Users/wrightm/Projects/tutorials/head-first-design-patterns/head-first-design-patterns/src/test/resources
2015-01-07 21:19:06,199 [Worker-3] INFO  o.e.m.c.i.embedder.EclipseLogger - Using 'UTF-8' encoding to copy filtered resources.
2015-01-07 21:19:06,199 [Worker-3] INFO  o.e.m.c.i.embedder.EclipseLogger - skip non existing resourceDirectory /Users/wrightm/Projects/tutorials/head-first-design-patterns/head-first-design-patterns/src/main/resources
2015-01-07 21:19:06,200 [Worker-3] INFO  o.e.m.c.i.embedder.EclipseLogger - Using 'UTF-8' encoding to copy filtered resources.
2015-01-07 21:19:06,201 [Worker-3] INFO  o.e.m.c.i.embedder.EclipseLogger - skip non existing resourceDirectory /Users/wrightm/Projects/tutorials/head-first-design-patterns/head-first-design-patterns/src/test/resources
2015-01-07 21:19:49,294 [Worker-4] INFO  o.e.m.c.i.embedder.EclipseLogger - Using 'UTF-8' encoding to copy filtered resources.
2015-01-07 21:19:49,294 [Worker-4] INFO  o.e.m.c.i.embedder.EclipseLogger - skip non existing resourceDirectory /Users/wrightm/Projects/tutorials/head-first-design-patterns/head-first-design-patterns/src/main/resources
2015-01-07 21:19:49,295 [Worker-4] INFO  o.e.m.c.i.embedder.EclipseLogger - Using 'UTF-8' encoding to copy filtered resources.
2015-01-07 21:19:49,296 [Worker-4] INFO  o.e.m.c.i.embedder.EclipseLogger - skip non existing resourceDirectory /Users/wrightm/Projects/tutorials/head-first-design-patterns/head-first-design-patterns/src/test/resources
2015-01-07 21:27:36,008 [Worker-4] INFO  o.e.m.c.i.embedder.EclipseLogger - Using 'UTF-8' encoding to copy filtered resources.
2015-01-07 21:27:36,010 [Worker-4] INFO  o.e.m.c.i.embedder.EclipseLogger - skip non existing resourceDirectory /Users/wrightm/Projects/tutorials/head-first-design-patterns/head-first-design-patterns/src/main/resources
2015-01-07 21:27:36,015 [Worker-4] INFO  o.e.m.c.i.embedder.EclipseLogger - Using 'UTF-8' encoding to copy filtered resources.
2015-01-07 21:27:36,015 [Worker-4] INFO  o.e.m.c.i.embedder.EclipseLogger - skip non existing resourceDirectory /Users/wrightm/Projects/tutorials/head-first-design-patterns/head-first-design-patterns/src/test/resources
2015-01-07 21:33:17,207 [Worker-2] INFO  o.e.m.c.i.embedder.EclipseLogger - Using 'UTF-8' encoding to copy filtered resources.
2015-01-07 21:33:17,207 [Worker-2] INFO  o.e.m.c.i.embedder.EclipseLogger - skip non existing resourceDirectory /Users/wrightm/Projects/tutorials/head-first-design-patterns/head-first-design-patterns/src/main/resources
2015-01-07 21:33:17,209 [Worker-2] INFO  o.e.m.c.i.embedder.EclipseLogger - Using 'UTF-8' encoding to copy filtered resources.
2015-01-07 21:33:17,209 [Worker-2] INFO  o.e.m.c.i.embedder.EclipseLogger - skip non existing resourceDirectory /Users/wrightm/Projects/tutorials/head-first-design-patterns/head-first-design-patterns/src/test/resources
2015-01-07 21:33:27,450 [Worker-8] INFO  o.e.m.c.i.embedder.EclipseLogger - Using 'UTF-8' encoding to copy filtered resources.
2015-01-07 21:33:27,450 [Worker-8] INFO  o.e.m.c.i.embedder.EclipseLogger - skip non existing resourceDirectory /Users/wrightm/Projects/tutorials/head-first-design-patterns/head-first-design-patterns/src/main/resources
2015-01-07 21:33:27,455 [Worker-8] INFO  o.e.m.c.i.embedder.EclipseLogger - Using 'UTF-8' encoding to copy filtered resources.
2015-01-07 21:33:27,455 [Worker-8] INFO  o.e.m.c.i.embedder.EclipseLogger - skip non existing resourceDirectory /Users/wrightm/Projects/tutorials/head-first-design-patterns/head-first-design-patterns/src/test/resources
2015-01-07 21:33:52,331 [Worker-8] INFO  o.e.m.c.i.embedder.EclipseLogger - Using 'UTF-8' encoding to copy filtered resources.
2015-01-07 21:33:52,331 [Worker-8] INFO  o.e.m.c.i.embedder.EclipseLogger - skip non existing resourceDirectory /Users/wrightm/Projects/tutorials/head-first-design-patterns/head-first-design-patterns/src/main/resources
2015-01-07 21:33:52,333 [Worker-8] INFO  o.e.m.c.i.embedder.EclipseLogger - Using 'UTF-8' encoding to copy filtered resources.
2015-01-07 21:33:52,333 [Worker-8] INFO  o.e.m.c.i.embedder.EclipseLogger - skip non existing resourceDirectory /Users/wrightm/Projects/tutorials/head-first-design-patterns/head-first-design-patterns/src/test/resources
2015-01-07 21:53:30,544 [Worker-2] INFO  o.e.m.c.i.embedder.EclipseLogger - Using 'UTF-8' encoding to copy filtered resources.
2015-01-07 21:53:30,544 [Worker-2] INFO  o.e.m.c.i.embedder.EclipseLogger - skip non existing resourceDirectory /Users/wrightm/Projects/tutorials/head-first-design-patterns/head-first-design-patterns/src/main/resources
2015-01-07 21:53:30,546 [Worker-2] INFO  o.e.m.c.i.embedder.EclipseLogger - Using 'UTF-8' encoding to copy filtered resources.
2015-01-07 21:53:30,546 [Worker-2] INFO  o.e.m.c.i.embedder.EclipseLogger - skip non existing resourceDirectory /Users/wrightm/Projects/tutorials/head-first-design-patterns/head-first-design-patterns/src/test/resources
2015-01-07 21:55:16,314 [Worker-9] INFO  o.e.m.c.i.embedder.EclipseLogger - Using 'UTF-8' encoding to copy filtered resources.
2015-01-07 21:55:16,316 [Worker-9] INFO  o.e.m.c.i.embedder.EclipseLogger - skip non existing resourceDirectory /Users/wrightm/Projects/tutorials/head-first-design-patterns/head-first-design-patterns/src/main/resources
2015-01-07 21:55:16,318 [Worker-9] INFO  o.e.m.c.i.embedder.EclipseLogger - Using 'UTF-8' encoding to copy filtered resources.
2015-01-07 21:55:16,318 [Worker-9] INFO  o.e.m.c.i.embedder.EclipseLogger - skip non existing resourceDirectory /Users/wrightm/Projects/tutorials/head-first-design-patterns/head-first-design-patterns/src/test/resources
2015-01-07 21:55:34,338 [Worker-2] INFO  o.e.m.c.i.embedder.EclipseLogger - Using 'UTF-8' encoding to copy filtered resources.
2015-01-07 21:55:34,339 [Worker-2] INFO  o.e.m.c.i.embedder.EclipseLogger - skip non existing resourceDirectory /Users/wrightm/Projects/tutorials/head-first-design-patterns/head-first-design-patterns/src/main/resources
2015-01-07 21:55:34,353 [Worker-2] INFO  o.e.m.c.i.embedder.EclipseLogger - Using 'UTF-8' encoding to copy filtered resources.
2015-01-07 21:55:34,353 [Worker-2] INFO  o.e.m.c.i.embedder.EclipseLogger - skip non existing resourceDirectory /Users/wrightm/Projects/tutorials/head-first-design-patterns/head-first-design-patterns/src/test/resources
2015-01-07 22:05:24,398 [Worker-11] INFO  o.e.m.c.i.embedder.EclipseLogger - Using 'UTF-8' encoding to copy filtered resources.
2015-01-07 22:05:24,399 [Worker-11] INFO  o.e.m.c.i.embedder.EclipseLogger - skip non existing resourceDirectory /Users/wrightm/Projects/tutorials/head-first-design-patterns/head-first-design-patterns/src/main/resources
2015-01-07 22:05:24,401 [Worker-11] INFO  o.e.m.c.i.embedder.EclipseLogger - Using 'UTF-8' encoding to copy filtered resources.
2015-01-07 22:05:24,401 [Worker-11] INFO  o.e.m.c.i.embedder.EclipseLogger - skip non existing resourceDirectory /Users/wrightm/Projects/tutorials/head-first-design-patterns/head-first-design-patterns/src/test/resources
2015-01-07 22:05:39,462 [Worker-12] INFO  o.e.m.c.i.embedder.EclipseLogger - Using 'UTF-8' encoding to copy filtered resources.
2015-01-07 22:05:39,462 [Worker-12] INFO  o.e.m.c.i.embedder.EclipseLogger - skip non existing resourceDirectory /Users/wrightm/Projects/tutorials/head-first-design-patterns/head-first-design-patterns/src/main/resources
2015-01-07 22:05:39,463 [Worker-12] INFO  o.e.m.c.i.embedder.EclipseLogger - Using 'UTF-8' encoding to copy filtered resources.
2015-01-07 22:05:39,464 [Worker-12] INFO  o.e.m.c.i.embedder.EclipseLogger - skip non existing resourceDirectory /Users/wrightm/Projects/tutorials/head-first-design-patterns/head-first-design-patterns/src/test/resources
2015-01-07 22:09:45,967 [Worker-2] INFO  o.e.m.c.i.embedder.EclipseLogger - Using 'UTF-8' encoding to copy filtered resources.
2015-01-07 22:09:45,968 [Worker-2] INFO  o.e.m.c.i.embedder.EclipseLogger - skip non existing resourceDirectory /Users/wrightm/Projects/tutorials/head-first-design-patterns/head-first-design-patterns/src/main/resources
2015-01-07 22:09:45,970 [Worker-2] INFO  o.e.m.c.i.embedder.EclipseLogger - Using 'UTF-8' encoding to copy filtered resources.
2015-01-07 22:09:45,970 [Worker-2] INFO  o.e.m.c.i.embedder.EclipseLogger - skip non existing resourceDirectory /Users/wrightm/Projects/tutorials/head-first-design-patterns/head-first-design-patterns/src/test/resources
2015-01-07 22:20:34,817 [Worker-2] INFO  o.e.m.c.i.embedder.EclipseLogger - Using 'UTF-8' encoding to copy filtered resources.
2015-01-07 22:20:34,818 [Worker-2] INFO  o.e.m.c.i.embedder.EclipseLogger - skip non existing resourceDirectory /Users/wrightm/Projects/tutorials/head-first-design-patterns/head-first-design-patterns/src/main/resources
2015-01-07 22:20:34,819 [Worker-2] INFO  o.e.m.c.i.embedder.EclipseLogger - Using 'UTF-8' encoding to copy filtered resources.
2015-01-07 22:20:34,819 [Worker-2] INFO  o.e.m.c.i.embedder.EclipseLogger - skip non existing resourceDirectory /Users/wrightm/Projects/tutorials/head-first-design-patterns/head-first-design-patterns/src/test/resources
2015-01-07 22:26:20,931 [Worker-6] INFO  o.e.m.c.i.embedder.EclipseLogger - Using 'UTF-8' encoding to copy filtered resources.
2015-01-07 22:26:20,931 [Worker-6] INFO  o.e.m.c.i.embedder.EclipseLogger - skip non existing resourceDirectory /Users/wrightm/Projects/tutorials/head-first-design-patterns/head-first-design-patterns/src/main/resources
2015-01-07 22:26:20,932 [Worker-6] INFO  o.e.m.c.i.embedder.EclipseLogger - Using 'UTF-8' encoding to copy filtered resources.
2015-01-07 22:26:20,933 [Worker-6] INFO  o.e.m.c.i.embedder.EclipseLogger - skip non existing resourceDirectory /Users/wrightm/Projects/tutorials/head-first-design-patterns/head-first-design-patterns/src/test/resources
2015-01-07 22:26:52,309 [Worker-13] INFO  o.e.m.c.i.embedder.EclipseLogger - Using 'UTF-8' encoding to copy filtered resources.
2015-01-07 22:26:52,309 [Worker-13] INFO  o.e.m.c.i.embedder.EclipseLogger - skip non existing resourceDirectory /Users/wrightm/Projects/tutorials/head-first-design-patterns/head-first-design-patterns/src/main/resources
2015-01-07 22:26:52,311 [Worker-13] INFO  o.e.m.c.i.embedder.EclipseLogger - Using 'UTF-8' encoding to copy filtered resources.
2015-01-07 22:26:52,311 [Worker-13] INFO  o.e.m.c.i.embedder.EclipseLogger - skip non existing resourceDirectory /Users/wrightm/Projects/tutorials/head-first-design-patterns/head-first-design-patterns/src/test/resources
2015-01-07 22:41:18,158 [Worker-6] INFO  o.e.m.c.i.embedder.EclipseLogger - Using 'UTF-8' encoding to copy filtered resources.
2015-01-07 22:41:18,159 [Worker-6] INFO  o.e.m.c.i.embedder.EclipseLogger - skip non existing resourceDirectory /Users/wrightm/Projects/tutorials/head-first-design-patterns/head-first-design-patterns/src/main/resources
2015-01-07 22:41:18,160 [Worker-6] INFO  o.e.m.c.i.embedder.EclipseLogger - Using 'UTF-8' encoding to copy filtered resources.
2015-01-07 22:41:18,160 [Worker-6] INFO  o.e.m.c.i.embedder.EclipseLogger - skip non existing resourceDirectory /Users/wrightm/Projects/tutorials/head-first-design-patterns/head-first-design-patterns/src/test/resources
2015-01-07 22:45:36,787 [Worker-12] INFO  o.e.m.c.i.embedder.EclipseLogger - Using 'UTF-8' encoding to copy filtered resources.
2015-01-07 22:45:36,788 [Worker-12] INFO  o.e.m.c.i.embedder.EclipseLogger - skip non existing resourceDirectory /Users/wrightm/Projects/tutorials/head-first-design-patterns/head-first-design-patterns/src/main/resources
2015-01-07 22:45:36,789 [Worker-12] INFO  o.e.m.c.i.embedder.EclipseLogger - Using 'UTF-8' encoding to copy filtered resources.
2015-01-07 22:45:36,789 [Worker-12] INFO  o.e.m.c.i.embedder.EclipseLogger - skip non existing resourceDirectory /Users/wrightm/Projects/tutorials/head-first-design-patterns/head-first-design-patterns/src/test/resources
2015-01-07 22:46:34,130 [Worker-12] INFO  o.e.m.c.i.embedder.EclipseLogger - Using 'UTF-8' encoding to copy filtered resources.
2015-01-07 22:46:34,131 [Worker-12] INFO  o.e.m.c.i.embedder.EclipseLogger - skip non existing resourceDirectory /Users/wrightm/Projects/tutorials/head-first-design-patterns/head-first-design-patterns/src/main/resources
2015-01-07 22:46:34,132 [Worker-12] INFO  o.e.m.c.i.embedder.EclipseLogger - Using 'UTF-8' encoding to copy filtered resources.
2015-01-07 22:46:34,133 [Worker-12] INFO  o.e.m.c.i.embedder.EclipseLogger - skip non existing resourceDirectory /Users/wrightm/Projects/tutorials/head-first-design-patterns/head-first-design-patterns/src/test/resources
2015-01-07 22:47:01,248 [Worker-12] INFO  o.e.m.c.i.embedder.EclipseLogger - Using 'UTF-8' encoding to copy filtered resources.
2015-01-07 22:47:01,249 [Worker-12] INFO  o.e.m.c.i.embedder.EclipseLogger - skip non existing resourceDirectory /Users/wrightm/Projects/tutorials/head-first-design-patterns/head-first-design-patterns/src/main/resources
2015-01-07 22:47:01,250 [Worker-12] INFO  o.e.m.c.i.embedder.EclipseLogger - Using 'UTF-8' encoding to copy filtered resources.
2015-01-07 22:47:01,250 [Worker-12] INFO  o.e.m.c.i.embedder.EclipseLogger - skip non existing resourceDirectory /Users/wrightm/Projects/tutorials/head-first-design-patterns/head-first-design-patterns/src/test/resources
2015-01-07 22:48:36,600 [Worker-16] INFO  o.e.m.c.i.embedder.EclipseLogger - Using 'UTF-8' encoding to copy filtered resources.
2015-01-07 22:48:36,600 [Worker-16] INFO  o.e.m.c.i.embedder.EclipseLogger - skip non existing resourceDirectory /Users/wrightm/Projects/tutorials/head-first-design-patterns/head-first-design-patterns/src/main/resources
2015-01-07 22:48:36,601 [Worker-16] INFO  o.e.m.c.i.embedder.EclipseLogger - Using 'UTF-8' encoding to copy filtered resources.
2015-01-07 22:48:36,601 [Worker-16] INFO  o.e.m.c.i.embedder.EclipseLogger - skip non existing resourceDirectory /Users/wrightm/Projects/tutorials/head-first-design-patterns/head-first-design-patterns/src/test/resources
2015-01-07 22:48:45,194 [Worker-12] INFO  o.e.m.c.i.embedder.EclipseLogger - Using 'UTF-8' encoding to copy filtered resources.
2015-01-07 22:48:45,194 [Worker-12] INFO  o.e.m.c.i.embedder.EclipseLogger - skip non existing resourceDirectory /Users/wrightm/Projects/tutorials/head-first-design-patterns/head-first-design-patterns/src/main/resources
2015-01-07 22:48:45,196 [Worker-12] INFO  o.e.m.c.i.embedder.EclipseLogger - Using 'UTF-8' encoding to copy filtered resources.
2015-01-07 22:48:45,196 [Worker-12] INFO  o.e.m.c.i.embedder.EclipseLogger - skip non existing resourceDirectory /Users/wrightm/Projects/tutorials/head-first-design-patterns/head-first-design-patterns/src/test/resources
2015-01-07 22:50:30,764 [Worker-12] INFO  o.e.m.c.i.embedder.EclipseLogger - Using 'UTF-8' encoding to copy filtered resources.
2015-01-07 22:50:30,765 [Worker-12] INFO  o.e.m.c.i.embedder.EclipseLogger - skip non existing resourceDirectory /Users/wrightm/Projects/tutorials/head-first-design-patterns/head-first-design-patterns/src/main/resources
2015-01-07 22:50:30,766 [Worker-12] INFO  o.e.m.c.i.embedder.EclipseLogger - Using 'UTF-8' encoding to copy filtered resources.
2015-01-07 22:50:30,766 [Worker-12] INFO  o.e.m.c.i.embedder.EclipseLogger - skip non existing resourceDirectory /Users/wrightm/Projects/tutorials/head-first-design-patterns/head-first-design-patterns/src/test/resources
2015-01-07 22:53:56,418 [Worker-16] INFO  o.e.m.c.i.embedder.EclipseLogger - Using 'UTF-8' encoding to copy filtered resources.
2015-01-07 22:53:56,419 [Worker-16] INFO  o.e.m.c.i.embedder.EclipseLogger - skip non existing resourceDirectory /Users/wrightm/Projects/tutorials/head-first-design-patterns/head-first-design-patterns/src/main/resources
2015-01-07 22:53:56,422 [Worker-16] INFO  o.e.m.c.i.embedder.EclipseLogger - Using 'UTF-8' encoding to copy filtered resources.
2015-01-07 22:53:56,422 [Worker-16] INFO  o.e.m.c.i.embedder.EclipseLogger - skip non existing resourceDirectory /Users/wrightm/Projects/tutorials/head-first-design-patterns/head-first-design-patterns/src/test/resources
2015-01-07 22:54:07,495 [Worker-12] INFO  o.e.m.c.i.embedder.EclipseLogger - Using 'UTF-8' encoding to copy filtered resources.
2015-01-07 22:54:07,495 [Worker-12] INFO  o.e.m.c.i.embedder.EclipseLogger - skip non existing resourceDirectory /Users/wrightm/Projects/tutorials/head-first-design-patterns/head-first-design-patterns/src/main/resources
2015-01-07 22:54:07,496 [Worker-12] INFO  o.e.m.c.i.embedder.EclipseLogger - Using 'UTF-8' encoding to copy filtered resources.
2015-01-07 22:54:07,496 [Worker-12] INFO  o.e.m.c.i.embedder.EclipseLogger - skip non existing resourceDirectory /Users/wrightm/Projects/tutorials/head-first-design-patterns/head-first-design-patterns/src/test/resources
2015-01-07 22:54:32,900 [Worker-18] INFO  o.e.m.c.i.embedder.EclipseLogger - Using 'UTF-8' encoding to copy filtered resources.
2015-01-07 22:54:32,900 [Worker-18] INFO  o.e.m.c.i.embedder.EclipseLogger - skip non existing resourceDirectory /Users/wrightm/Projects/tutorials/head-first-design-patterns/head-first-design-patterns/src/main/resources
2015-01-07 22:54:32,901 [Worker-18] INFO  o.e.m.c.i.embedder.EclipseLogger - Using 'UTF-8' encoding to copy filtered resources.
2015-01-07 22:54:32,901 [Worker-18] INFO  o.e.m.c.i.embedder.EclipseLogger - skip non existing resourceDirectory /Users/wrightm/Projects/tutorials/head-first-design-patterns/head-first-design-patterns/src/test/resources
2015-01-07 22:56:36,550 [Worker-16] INFO  o.e.m.c.i.embedder.EclipseLogger - Using 'UTF-8' encoding to copy filtered resources.
2015-01-07 22:56:36,551 [Worker-16] INFO  o.e.m.c.i.embedder.EclipseLogger - skip non existing resourceDirectory /Users/wrightm/Projects/tutorials/head-first-design-patterns/head-first-design-patterns/src/main/resources
2015-01-07 22:56:36,552 [Worker-16] INFO  o.e.m.c.i.embedder.EclipseLogger - Using 'UTF-8' encoding to copy filtered resources.
2015-01-07 22:56:36,552 [Worker-16] INFO  o.e.m.c.i.embedder.EclipseLogger - skip non existing resourceDirectory /Users/wrightm/Projects/tutorials/head-first-design-patterns/head-first-design-patterns/src/test/resources
